{"C:\\Users\\hp\\Desktop\\backend\\NodeExpressMongodbCh10\\index.js": {"path":"C:\\Users\\hp\\Desktop\\backend\\NodeExpressMongodbCh10\\index.js","statementMap":{"0":{"start":{"line":1,"column":0},"end":{"line":1,"column":32}},"1":{"start":{"line":2,"column":14},"end":{"line":2,"column":32}},"2":{"start":{"line":3,"column":14},"end":{"line":3,"column":32}},"3":{"start":{"line":4,"column":10},"end":{"line":4,"column":19}},"4":{"start":{"line":5,"column":0},"end":{"line":5,"column":29}},"5":{"start":{"line":6,"column":0},"end":{"line":6,"column":33}},"6":{"start":{"line":7,"column":0},"end":{"line":7,"column":26}},"7":{"start":{"line":8,"column":0},"end":{"line":8,"column":30}},"8":{"start":{"line":9,"column":11},"end":{"line":9,"column":35}},"9":{"start":{"line":10,"column":14},"end":{"line":10,"column":79}},"10":{"start":{"line":10,"column":34},"end":{"line":10,"column":78}},"11":{"start":{"line":11,"column":1},"end":{"line":11,"column":23}}},"fnMap":{"0":{"name":"(anonymous_0)","decl":{"start":{"line":10,"column":30},"end":{"line":10,"column":31}},"loc":{"start":{"line":10,"column":34},"end":{"line":10,"column":78}},"line":10}},"branchMap":{"0":{"loc":{"start":{"line":9,"column":11},"end":{"line":9,"column":35}},"type":"binary-expr","locations":[{"start":{"line":9,"column":11},"end":{"line":9,"column":27}},{"start":{"line":9,"column":31},"end":{"line":9,"column":35}}],"line":9}},"s":{"0":2,"1":2,"2":2,"3":2,"4":2,"5":2,"6":2,"7":2,"8":2,"9":2,"10":2,"11":2},"f":{"0":2},"b":{"0":[2,2]},"_coverageSchema":"1a1c01bbd47fc00a2c39e90264f33305004495a9","hash":"8af1af34d4f93f8be0cfacf6f7a5eed43d99b8a1"}
,"C:\\Users\\hp\\Desktop\\backend\\NodeExpressMongodbCh10\\middleware\\admin.js": {"path":"C:\\Users\\hp\\Desktop\\backend\\NodeExpressMongodbCh10\\middleware\\admin.js","statementMap":{"0":{"start":{"line":2,"column":3},"end":{"line":7,"column":4}},"1":{"start":{"line":5,"column":7},"end":{"line":5,"column":75}},"2":{"start":{"line":5,"column":30},"end":{"line":5,"column":75}},"3":{"start":{"line":6,"column":7},"end":{"line":6,"column":14}}},"fnMap":{"0":{"name":"(anonymous_0)","decl":{"start":{"line":2,"column":18},"end":{"line":2,"column":19}},"loc":{"start":{"line":2,"column":40},"end":{"line":7,"column":4}},"line":2}},"branchMap":{"0":{"loc":{"start":{"line":5,"column":7},"end":{"line":5,"column":75}},"type":"if","locations":[{"start":{"line":5,"column":7},"end":{"line":5,"column":75}},{"start":{"line":5,"column":7},"end":{"line":5,"column":75}}],"line":5}},"s":{"0":2,"1":0,"2":0,"3":0},"f":{"0":0},"b":{"0":[0,0]},"_coverageSchema":"1a1c01bbd47fc00a2c39e90264f33305004495a9","hash":"beeb4fb9b8b765a735c2262dec24a2eb5200d6f7"}
,"C:\\Users\\hp\\Desktop\\backend\\NodeExpressMongodbCh10\\middleware\\auth.js": {"path":"C:\\Users\\hp\\Desktop\\backend\\NodeExpressMongodbCh10\\middleware\\auth.js","statementMap":{"0":{"start":{"line":1,"column":11},"end":{"line":1,"column":34}},"1":{"start":{"line":2,"column":13},"end":{"line":2,"column":30}},"2":{"start":{"line":4,"column":0},"end":{"line":16,"column":1}},"3":{"start":{"line":5,"column":18},"end":{"line":5,"column":44}},"4":{"start":{"line":6,"column":6},"end":{"line":6,"column":82}},"5":{"start":{"line":6,"column":17},"end":{"line":6,"column":82}},"6":{"start":{"line":8,"column":6},"end":{"line":15,"column":7}},"7":{"start":{"line":9,"column":23},"end":{"line":9,"column":68}},"8":{"start":{"line":10,"column":9},"end":{"line":10,"column":27}},"9":{"start":{"line":11,"column":9},"end":{"line":11,"column":16}},"10":{"start":{"line":14,"column":12},"end":{"line":14,"column":50}}},"fnMap":{"0":{"name":"(anonymous_0)","decl":{"start":{"line":4,"column":15},"end":{"line":4,"column":16}},"loc":{"start":{"line":4,"column":38},"end":{"line":16,"column":1}},"line":4}},"branchMap":{"0":{"loc":{"start":{"line":6,"column":6},"end":{"line":6,"column":82}},"type":"if","locations":[{"start":{"line":6,"column":6},"end":{"line":6,"column":82}},{"start":{"line":6,"column":6},"end":{"line":6,"column":82}}],"line":6}},"s":{"0":2,"1":2,"2":2,"3":8,"4":8,"5":2,"6":6,"7":6,"8":5,"9":5,"10":1},"f":{"0":8},"b":{"0":[2,6]},"_coverageSchema":"1a1c01bbd47fc00a2c39e90264f33305004495a9","hash":"3d353d70c89562bf3ce966418faa4d7d4755827e"}
,"C:\\Users\\hp\\Desktop\\backend\\NodeExpressMongodbCh10\\middleware\\error.js": {"path":"C:\\Users\\hp\\Desktop\\backend\\NodeExpressMongodbCh10\\middleware\\error.js","statementMap":{"0":{"start":{"line":1,"column":14},"end":{"line":1,"column":32}},"1":{"start":{"line":2,"column":0},"end":{"line":13,"column":1}},"2":{"start":{"line":4,"column":4},"end":{"line":4,"column":35}},"3":{"start":{"line":12,"column":4},"end":{"line":12,"column":45}}},"fnMap":{"0":{"name":"(anonymous_0)","decl":{"start":{"line":2,"column":15},"end":{"line":2,"column":16}},"loc":{"start":{"line":2,"column":41},"end":{"line":13,"column":1}},"line":2}},"branchMap":{},"s":{"0":2,"1":2,"2":0,"3":0},"f":{"0":0},"b":{},"_coverageSchema":"1a1c01bbd47fc00a2c39e90264f33305004495a9","hash":"5cb485632868439de022c4215adcb4b46c4fe9dd"}
,"C:\\Users\\hp\\Desktop\\backend\\NodeExpressMongodbCh10\\middleware\\validateObjectid.js": {"path":"C:\\Users\\hp\\Desktop\\backend\\NodeExpressMongodbCh10\\middleware\\validateObjectid.js","statementMap":{"0":{"start":{"line":1,"column":15},"end":{"line":1,"column":34}},"1":{"start":{"line":2,"column":0},"end":{"line":7,"column":1}},"2":{"start":{"line":3,"column":4},"end":{"line":5,"column":5}},"3":{"start":{"line":4,"column":8},"end":{"line":4,"column":50}},"4":{"start":{"line":6,"column":4},"end":{"line":6,"column":11}}},"fnMap":{"0":{"name":"(anonymous_0)","decl":{"start":{"line":2,"column":15},"end":{"line":2,"column":16}},"loc":{"start":{"line":2,"column":37},"end":{"line":7,"column":1}},"line":2}},"branchMap":{"0":{"loc":{"start":{"line":3,"column":4},"end":{"line":5,"column":5}},"type":"if","locations":[{"start":{"line":3,"column":4},"end":{"line":5,"column":5}},{"start":{"line":3,"column":4},"end":{"line":5,"column":5}}],"line":3}},"s":{"0":2,"1":2,"2":2,"3":1,"4":1},"f":{"0":2},"b":{"0":[1,1]},"_coverageSchema":"1a1c01bbd47fc00a2c39e90264f33305004495a9","hash":"aa356c16ccb983386ba38e75f71fef679bfd3b9f"}
,"C:\\Users\\hp\\Desktop\\backend\\NodeExpressMongodbCh10\\models\\generes.js": {"path":"C:\\Users\\hp\\Desktop\\backend\\NodeExpressMongodbCh10\\models\\generes.js","statementMap":{"0":{"start":{"line":1,"column":14},"end":{"line":1,"column":32}},"1":{"start":{"line":2,"column":15},"end":{"line":2,"column":34}},"2":{"start":{"line":3,"column":10},"end":{"line":3,"column":24}},"3":{"start":{"line":5,"column":19},"end":{"line":12,"column":2}},"4":{"start":{"line":13,"column":12},"end":{"line":13,"column":48}},"5":{"start":{"line":16,"column":17},"end":{"line":18,"column":5}},"6":{"start":{"line":19,"column":4},"end":{"line":19,"column":38}},"7":{"start":{"line":21,"column":0},"end":{"line":22,"column":30}}},"fnMap":{"0":{"name":"validateGenre","decl":{"start":{"line":15,"column":9},"end":{"line":15,"column":22}},"loc":{"start":{"line":15,"column":29},"end":{"line":20,"column":1}},"line":15}},"branchMap":{},"s":{"0":2,"1":2,"2":2,"3":2,"4":2,"5":5,"6":5,"7":2},"f":{"0":5},"b":{},"_coverageSchema":"1a1c01bbd47fc00a2c39e90264f33305004495a9","hash":"4a6afabe0c4e70cc0d5d0540a41eeacddbc3ced4"}
,"C:\\Users\\hp\\Desktop\\backend\\NodeExpressMongodbCh10\\models\\users.js": {"path":"C:\\Users\\hp\\Desktop\\backend\\NodeExpressMongodbCh10\\models\\users.js","statementMap":{"0":{"start":{"line":1,"column":14},"end":{"line":1,"column":32}},"1":{"start":{"line":2,"column":15},"end":{"line":2,"column":34}},"2":{"start":{"line":3,"column":10},"end":{"line":3,"column":33}},"3":{"start":{"line":4,"column":13},"end":{"line":4,"column":30}},"4":{"start":{"line":5,"column":12},"end":{"line":5,"column":26}},"5":{"start":{"line":6,"column":17},"end":{"line":27,"column":2}},"6":{"start":{"line":28,"column":0},"end":{"line":31,"column":1}},"7":{"start":{"line":29,"column":16},"end":{"line":29,"column":88}},"8":{"start":{"line":30,"column":4},"end":{"line":30,"column":16}},"9":{"start":{"line":32,"column":11},"end":{"line":32,"column":44}},"10":{"start":{"line":35,"column":17},"end":{"line":39,"column":5}},"11":{"start":{"line":40,"column":0},"end":{"line":40,"column":33}},"12":{"start":{"line":42,"column":0},"end":{"line":43,"column":31}}},"fnMap":{"0":{"name":"(anonymous_0)","decl":{"start":{"line":28,"column":37},"end":{"line":28,"column":38}},"loc":{"start":{"line":28,"column":47},"end":{"line":31,"column":1}},"line":28},"1":{"name":"uservalidation","decl":{"start":{"line":34,"column":9},"end":{"line":34,"column":23}},"loc":{"start":{"line":34,"column":29},"end":{"line":41,"column":1}},"line":34}},"branchMap":{},"s":{"0":3,"1":3,"2":3,"3":3,"4":3,"5":3,"6":3,"7":9,"8":9,"9":3,"10":0,"11":0,"12":3},"f":{"0":9,"1":0},"b":{},"_coverageSchema":"1a1c01bbd47fc00a2c39e90264f33305004495a9","hash":"1ced7459cb49d68f33924b84b580f2281ef13e1c"}
,"C:\\Users\\hp\\Desktop\\backend\\NodeExpressMongodbCh10\\routes\\auth.js": {"path":"C:\\Users\\hp\\Desktop\\backend\\NodeExpressMongodbCh10\\routes\\auth.js","statementMap":{"0":{"start":{"line":1,"column":14},"end":{"line":1,"column":32}},"1":{"start":{"line":2,"column":15},"end":{"line":2,"column":34}},"2":{"start":{"line":3,"column":10},"end":{"line":3,"column":33}},"3":{"start":{"line":4,"column":10},"end":{"line":4,"column":24}},"4":{"start":{"line":5,"column":13},"end":{"line":5,"column":39}},"5":{"start":{"line":6,"column":13},"end":{"line":6,"column":30}},"6":{"start":{"line":7,"column":13},"end":{"line":7,"column":30}},"7":{"start":{"line":8,"column":13},"end":{"line":8,"column":29}},"8":{"start":{"line":9,"column":0},"end":{"line":21,"column":3}},"9":{"start":{"line":10,"column":20},"end":{"line":10,"column":38}},"10":{"start":{"line":11,"column":5},"end":{"line":11,"column":70}},"11":{"start":{"line":11,"column":16},"end":{"line":11,"column":70}},"12":{"start":{"line":13,"column":14},"end":{"line":13,"column":56}},"13":{"start":{"line":14,"column":5},"end":{"line":14,"column":73}},"14":{"start":{"line":14,"column":16},"end":{"line":14,"column":73}},"15":{"start":{"line":16,"column":25},"end":{"line":16,"column":78}},"16":{"start":{"line":17,"column":5},"end":{"line":17,"column":81}},"17":{"start":{"line":17,"column":24},"end":{"line":17,"column":81}},"18":{"start":{"line":19,"column":17},"end":{"line":19,"column":41}},"19":{"start":{"line":20,"column":5},"end":{"line":20,"column":21}},"20":{"start":{"line":23,"column":17},"end":{"line":28,"column":5}},"21":{"start":{"line":29,"column":4},"end":{"line":29,"column":36}},"22":{"start":{"line":31,"column":0},"end":{"line":31,"column":22}}},"fnMap":{"0":{"name":"(anonymous_0)","decl":{"start":{"line":9,"column":16},"end":{"line":9,"column":17}},"loc":{"start":{"line":9,"column":32},"end":{"line":21,"column":1}},"line":9},"1":{"name":"validate","decl":{"start":{"line":22,"column":9},"end":{"line":22,"column":17}},"loc":{"start":{"line":22,"column":22},"end":{"line":30,"column":1}},"line":22}},"branchMap":{"0":{"loc":{"start":{"line":11,"column":5},"end":{"line":11,"column":70}},"type":"if","locations":[{"start":{"line":11,"column":5},"end":{"line":11,"column":70}},{"start":{"line":11,"column":5},"end":{"line":11,"column":70}}],"line":11},"1":{"loc":{"start":{"line":14,"column":5},"end":{"line":14,"column":73}},"type":"if","locations":[{"start":{"line":14,"column":5},"end":{"line":14,"column":73}},{"start":{"line":14,"column":5},"end":{"line":14,"column":73}}],"line":14},"2":{"loc":{"start":{"line":17,"column":5},"end":{"line":17,"column":81}},"type":"if","locations":[{"start":{"line":17,"column":5},"end":{"line":17,"column":81}},{"start":{"line":17,"column":5},"end":{"line":17,"column":81}}],"line":17}},"s":{"0":2,"1":2,"2":2,"3":2,"4":2,"5":2,"6":2,"7":2,"8":2,"9":0,"10":0,"11":0,"12":0,"13":0,"14":0,"15":0,"16":0,"17":0,"18":0,"19":0,"20":0,"21":0,"22":2},"f":{"0":0,"1":0},"b":{"0":[0,0],"1":[0,0],"2":[0,0]},"_coverageSchema":"1a1c01bbd47fc00a2c39e90264f33305004495a9","hash":"472a3261b789fcdaf3bc7ae04fafa7ccf318d689"}
,"C:\\Users\\hp\\Desktop\\backend\\NodeExpressMongodbCh10\\routes\\genere.js": {"path":"C:\\Users\\hp\\Desktop\\backend\\NodeExpressMongodbCh10\\routes\\genere.js","statementMap":{"0":{"start":{"line":1,"column":23},"end":{"line":1,"column":64}},"1":{"start":{"line":2,"column":23},"end":{"line":2,"column":51}},"2":{"start":{"line":3,"column":14},"end":{"line":3,"column":32}},"3":{"start":{"line":4,"column":11},"end":{"line":4,"column":40}},"4":{"start":{"line":5,"column":12},"end":{"line":5,"column":42}},"5":{"start":{"line":6,"column":18},"end":{"line":6,"column":37}},"6":{"start":{"line":7,"column":13},"end":{"line":7,"column":29}},"7":{"start":{"line":11,"column":0},"end":{"line":16,"column":3}},"8":{"start":{"line":13,"column":18},"end":{"line":13,"column":49}},"9":{"start":{"line":14,"column":6},"end":{"line":14,"column":22}},"10":{"start":{"line":18,"column":0},"end":{"line":27,"column":3}},"11":{"start":{"line":19,"column":18},"end":{"line":19,"column":36}},"12":{"start":{"line":20,"column":4},"end":{"line":20,"column":68}},"13":{"start":{"line":20,"column":14},"end":{"line":20,"column":68}},"14":{"start":{"line":22,"column":14},"end":{"line":22,"column":47}},"15":{"start":{"line":24,"column":3},"end":{"line":24,"column":28}},"16":{"start":{"line":26,"column":4},"end":{"line":26,"column":20}},"17":{"start":{"line":28,"column":0},"end":{"line":32,"column":3}},"18":{"start":{"line":29,"column":16},"end":{"line":29,"column":60}},"19":{"start":{"line":30,"column":4},"end":{"line":30,"column":71}},"20":{"start":{"line":30,"column":16},"end":{"line":30,"column":71}},"21":{"start":{"line":31,"column":4},"end":{"line":31,"column":20}},"22":{"start":{"line":33,"column":0},"end":{"line":39,"column":2}},"23":{"start":{"line":36,"column":18},"end":{"line":36,"column":53}},"24":{"start":{"line":37,"column":6},"end":{"line":37,"column":65}},"25":{"start":{"line":37,"column":17},"end":{"line":37,"column":65}},"26":{"start":{"line":38,"column":6},"end":{"line":38,"column":21}},"27":{"start":{"line":40,"column":0},"end":{"line":40,"column":22}}},"fnMap":{"0":{"name":"(anonymous_0)","decl":{"start":{"line":11,"column":15},"end":{"line":11,"column":16}},"loc":{"start":{"line":11,"column":36},"end":{"line":16,"column":1}},"line":11},"1":{"name":"(anonymous_1)","decl":{"start":{"line":18,"column":21},"end":{"line":18,"column":22}},"loc":{"start":{"line":18,"column":37},"end":{"line":27,"column":1}},"line":18},"2":{"name":"(anonymous_2)","decl":{"start":{"line":28,"column":36},"end":{"line":28,"column":37}},"loc":{"start":{"line":28,"column":52},"end":{"line":32,"column":1}},"line":28},"3":{"name":"(anonymous_3)","decl":{"start":{"line":33,"column":36},"end":{"line":33,"column":37}},"loc":{"start":{"line":33,"column":53},"end":{"line":39,"column":1}},"line":33}},"branchMap":{"0":{"loc":{"start":{"line":20,"column":4},"end":{"line":20,"column":68}},"type":"if","locations":[{"start":{"line":20,"column":4},"end":{"line":20,"column":68}},{"start":{"line":20,"column":4},"end":{"line":20,"column":68}}],"line":20},"1":{"loc":{"start":{"line":30,"column":4},"end":{"line":30,"column":71}},"type":"if","locations":[{"start":{"line":30,"column":4},"end":{"line":30,"column":71}},{"start":{"line":30,"column":4},"end":{"line":30,"column":71}}],"line":30},"2":{"loc":{"start":{"line":37,"column":6},"end":{"line":37,"column":65}},"type":"if","locations":[{"start":{"line":37,"column":6},"end":{"line":37,"column":65}},{"start":{"line":37,"column":6},"end":{"line":37,"column":65}}],"line":37}},"s":{"0":2,"1":2,"2":2,"3":2,"4":2,"5":2,"6":2,"7":2,"8":1,"9":1,"10":2,"11":5,"12":5,"13":2,"14":3,"15":3,"16":3,"17":2,"18":0,"19":0,"20":0,"21":0,"22":2,"23":1,"24":1,"25":0,"26":1,"27":2},"f":{"0":1,"1":5,"2":0,"3":1},"b":{"0":[2,3],"1":[0,0],"2":[0,1]},"_coverageSchema":"1a1c01bbd47fc00a2c39e90264f33305004495a9","hash":"c7fd531864178b321e64fed2fdbac6b39c505ff6"}
,"C:\\Users\\hp\\Desktop\\backend\\NodeExpressMongodbCh10\\routes\\user.js": {"path":"C:\\Users\\hp\\Desktop\\backend\\NodeExpressMongodbCh10\\routes\\user.js","statementMap":{"0":{"start":{"line":1,"column":22},"end":{"line":1,"column":48}},"1":{"start":{"line":2,"column":13},"end":{"line":2,"column":30}},"2":{"start":{"line":3,"column":10},"end":{"line":3,"column":33}},"3":{"start":{"line":4,"column":13},"end":{"line":4,"column":30}},"4":{"start":{"line":5,"column":13},"end":{"line":5,"column":30}},"5":{"start":{"line":6,"column":14},"end":{"line":6,"column":32}},"6":{"start":{"line":7,"column":13},"end":{"line":7,"column":42}},"7":{"start":{"line":8,"column":13},"end":{"line":8,"column":29}},"8":{"start":{"line":9,"column":0},"end":{"line":12,"column":2}},"9":{"start":{"line":10,"column":16},"end":{"line":10,"column":70}},"10":{"start":{"line":11,"column":3},"end":{"line":11,"column":18}},"11":{"start":{"line":13,"column":0},"end":{"line":28,"column":3}},"12":{"start":{"line":14,"column":18},"end":{"line":14,"column":36}},"13":{"start":{"line":15,"column":4},"end":{"line":15,"column":68}},"14":{"start":{"line":15,"column":14},"end":{"line":15,"column":68}},"15":{"start":{"line":17,"column":13},"end":{"line":17,"column":55}},"16":{"start":{"line":18,"column":4},"end":{"line":18,"column":68}},"17":{"start":{"line":18,"column":13},"end":{"line":18,"column":68}},"18":{"start":{"line":20,"column":5},"end":{"line":20,"column":70}},"19":{"start":{"line":21,"column":16},"end":{"line":21,"column":40}},"20":{"start":{"line":22,"column":5},"end":{"line":22,"column":57}},"21":{"start":{"line":23,"column":5},"end":{"line":23,"column":23}},"22":{"start":{"line":24,"column":17},"end":{"line":24,"column":41}},"23":{"start":{"line":25,"column":5},"end":{"line":25,"column":85}},"24":{"start":{"line":29,"column":0},"end":{"line":29,"column":22}}},"fnMap":{"0":{"name":"(anonymous_0)","decl":{"start":{"line":9,"column":22},"end":{"line":9,"column":23}},"loc":{"start":{"line":9,"column":39},"end":{"line":12,"column":1}},"line":9},"1":{"name":"(anonymous_1)","decl":{"start":{"line":13,"column":16},"end":{"line":13,"column":17}},"loc":{"start":{"line":13,"column":32},"end":{"line":28,"column":1}},"line":13}},"branchMap":{"0":{"loc":{"start":{"line":15,"column":4},"end":{"line":15,"column":68}},"type":"if","locations":[{"start":{"line":15,"column":4},"end":{"line":15,"column":68}},{"start":{"line":15,"column":4},"end":{"line":15,"column":68}}],"line":15},"1":{"loc":{"start":{"line":18,"column":4},"end":{"line":18,"column":68}},"type":"if","locations":[{"start":{"line":18,"column":4},"end":{"line":18,"column":68}},{"start":{"line":18,"column":4},"end":{"line":18,"column":68}}],"line":18}},"s":{"0":2,"1":2,"2":2,"3":2,"4":2,"5":2,"6":2,"7":2,"8":2,"9":0,"10":0,"11":2,"12":0,"13":0,"14":0,"15":0,"16":0,"17":0,"18":0,"19":0,"20":0,"21":0,"22":0,"23":0,"24":2},"f":{"0":0,"1":0},"b":{"0":[0,0],"1":[0,0]},"_coverageSchema":"1a1c01bbd47fc00a2c39e90264f33305004495a9","hash":"84f9aabacc70449a3c67302619cbc3e8a7420e11"}
,"C:\\Users\\hp\\Desktop\\backend\\NodeExpressMongodbCh10\\startup\\config.js": {"path":"C:\\Users\\hp\\Desktop\\backend\\NodeExpressMongodbCh10\\startup\\config.js","statementMap":{"0":{"start":{"line":1,"column":13},"end":{"line":1,"column":30}},"1":{"start":{"line":2,"column":0},"end":{"line":8,"column":1}},"2":{"start":{"line":3,"column":4},"end":{"line":6,"column":5}},"3":{"start":{"line":4,"column":6},"end":{"line":4,"column":64}}},"fnMap":{"0":{"name":"(anonymous_0)","decl":{"start":{"line":2,"column":15},"end":{"line":2,"column":16}},"loc":{"start":{"line":2,"column":25},"end":{"line":8,"column":1}},"line":2}},"branchMap":{"0":{"loc":{"start":{"line":3,"column":4},"end":{"line":6,"column":5}},"type":"if","locations":[{"start":{"line":3,"column":4},"end":{"line":6,"column":5}},{"start":{"line":3,"column":4},"end":{"line":6,"column":5}}],"line":3}},"s":{"0":2,"1":2,"2":2,"3":0},"f":{"0":2},"b":{"0":[0,2]},"_coverageSchema":"1a1c01bbd47fc00a2c39e90264f33305004495a9","hash":"281ac08bfc610015d448cfdf48b221a4e864ff71"}
,"C:\\Users\\hp\\Desktop\\backend\\NodeExpressMongodbCh10\\startup\\db.js": {"path":"C:\\Users\\hp\\Desktop\\backend\\NodeExpressMongodbCh10\\startup\\db.js","statementMap":{"0":{"start":{"line":1,"column":15},"end":{"line":1,"column":34}},"1":{"start":{"line":2,"column":14},"end":{"line":2,"column":32}},"2":{"start":{"line":3,"column":13},"end":{"line":3,"column":30}},"3":{"start":{"line":4,"column":0},"end":{"line":8,"column":1}},"4":{"start":{"line":5,"column":13},"end":{"line":5,"column":29}},"5":{"start":{"line":6,"column":4},"end":{"line":7,"column":50}},"6":{"start":{"line":7,"column":14},"end":{"line":7,"column":48}}},"fnMap":{"0":{"name":"(anonymous_0)","decl":{"start":{"line":4,"column":15},"end":{"line":4,"column":16}},"loc":{"start":{"line":4,"column":25},"end":{"line":8,"column":1}},"line":4},"1":{"name":"(anonymous_1)","decl":{"start":{"line":7,"column":10},"end":{"line":7,"column":11}},"loc":{"start":{"line":7,"column":14},"end":{"line":7,"column":48}},"line":7}},"branchMap":{},"s":{"0":2,"1":2,"2":2,"3":2,"4":2,"5":2,"6":2},"f":{"0":2,"1":2},"b":{},"_coverageSchema":"1a1c01bbd47fc00a2c39e90264f33305004495a9","hash":"be9d213ec2bb4790500f9fd41a9868f467cdcafd"}
,"C:\\Users\\hp\\Desktop\\backend\\NodeExpressMongodbCh10\\startup\\logging.js": {"path":"C:\\Users\\hp\\Desktop\\backend\\NodeExpressMongodbCh10\\startup\\logging.js","statementMap":{"0":{"start":{"line":1,"column":14},"end":{"line":1,"column":32}},"1":{"start":{"line":2,"column":0},"end":{"line":2,"column":27}},"2":{"start":{"line":3,"column":0},"end":{"line":29,"column":1}},"3":{"start":{"line":12,"column":4},"end":{"line":16,"column":9}},"4":{"start":{"line":18,"column":4},"end":{"line":20,"column":7}},"5":{"start":{"line":19,"column":6},"end":{"line":19,"column":15}},"6":{"start":{"line":22,"column":4},"end":{"line":22,"column":71}},"7":{"start":{"line":23,"column":4},"end":{"line":26,"column":8}},"8":{"start":{"line":27,"column":12},"end":{"line":27,"column":67}},"9":{"start":{"line":28,"column":4},"end":{"line":28,"column":36}},"10":{"start":{"line":28,"column":15},"end":{"line":28,"column":34}}},"fnMap":{"0":{"name":"(anonymous_0)","decl":{"start":{"line":3,"column":15},"end":{"line":3,"column":16}},"loc":{"start":{"line":3,"column":25},"end":{"line":29,"column":1}},"line":3},"1":{"name":"(anonymous_1)","decl":{"start":{"line":18,"column":36},"end":{"line":18,"column":37}},"loc":{"start":{"line":18,"column":42},"end":{"line":20,"column":5}},"line":18},"2":{"name":"(anonymous_2)","decl":{"start":{"line":28,"column":11},"end":{"line":28,"column":12}},"loc":{"start":{"line":28,"column":15},"end":{"line":28,"column":34}},"line":28}},"branchMap":{},"s":{"0":2,"1":2,"2":2,"3":0,"4":0,"5":0,"6":0,"7":0,"8":0,"9":0,"10":0},"f":{"0":0,"1":0,"2":0},"b":{},"_coverageSchema":"1a1c01bbd47fc00a2c39e90264f33305004495a9","hash":"40fb6fdce069f461ab0f883a96db65122455d982"}
,"C:\\Users\\hp\\Desktop\\backend\\NodeExpressMongodbCh10\\startup\\routes.js": {"path":"C:\\Users\\hp\\Desktop\\backend\\NodeExpressMongodbCh10\\startup\\routes.js","statementMap":{"0":{"start":{"line":2,"column":12},"end":{"line":2,"column":42}},"1":{"start":{"line":3,"column":11},"end":{"line":3,"column":36}},"2":{"start":{"line":4,"column":12},"end":{"line":4,"column":39}},"3":{"start":{"line":5,"column":11},"end":{"line":5,"column":36}},"4":{"start":{"line":6,"column":14},"end":{"line":6,"column":32}},"5":{"start":{"line":7,"column":0},"end":{"line":13,"column":1}},"6":{"start":{"line":8,"column":0},"end":{"line":8,"column":24}},"7":{"start":{"line":9,"column":0},"end":{"line":9,"column":34}},"8":{"start":{"line":10,"column":0},"end":{"line":10,"column":26}},"9":{"start":{"line":11,"column":0},"end":{"line":11,"column":28}},"10":{"start":{"line":12,"column":0},"end":{"line":12,"column":15}}},"fnMap":{"0":{"name":"(anonymous_0)","decl":{"start":{"line":7,"column":15},"end":{"line":7,"column":16}},"loc":{"start":{"line":7,"column":28},"end":{"line":13,"column":1}},"line":7}},"branchMap":{},"s":{"0":2,"1":2,"2":2,"3":2,"4":2,"5":2,"6":2,"7":2,"8":2,"9":2,"10":2},"f":{"0":2},"b":{},"_coverageSchema":"1a1c01bbd47fc00a2c39e90264f33305004495a9","hash":"3c473b01200b5c3f7b93b48afdf7e608660bd84a"}
}
